<?xml version="1.0" encoding="UTF-8" ?>
<testsuite tests="3" failures="0" name="tests.BaseTest" time="26.443" errors="0" skipped="0">
  <properties>
    <property name="java.vendor" value="AdoptOpenJDK"/>
    <property name="JOB_NAME" value="Java-Cucumber"/>
    <property name="RUN_TESTS_DISPLAY_URL" value="http://localhost:8080/job/Java-Cucumber/9/display/redirect?page=tests"/>
    <property name="sun.java.launcher" value="SUN_STANDARD"/>
    <property name="sun.management.compiler" value="HotSpot 64-Bit Tiered Compilers"/>
    <property name="JENKINS_HOME" value="/Users/artem/.jenkins"/>
    <property name="PATH" value="/Library/Java/JavaVirtualMachines/adoptopenjdk-8.jdk/Contents/Home/bin:/usr/bin:/bin:/usr/sbin:/sbin"/>
    <property name="HUDSON_SERVER_COOKIE" value="3bb863812b49ee58"/>
    <property name="POM_ARTIFACTID" value="Cucumber-Jenkins"/>
    <property name="os.name" value="Mac OS X"/>
    <property name="sun.boot.class.path" value="/Library/Java/JavaVirtualMachines/adoptopenjdk-8.jdk/Contents/Home/jre/lib/resources.jar:/Library/Java/JavaVirtualMachines/adoptopenjdk-8.jdk/Contents/Home/jre/lib/rt.jar:/Library/Java/JavaVirtualMachines/adoptopenjdk-8.jdk/Contents/Home/jre/lib/sunrsasign.jar:/Library/Java/JavaVirtualMachines/adoptopenjdk-8.jdk/Contents/Home/jre/lib/jsse.jar:/Library/Java/JavaVirtualMachines/adoptopenjdk-8.jdk/Contents/Home/jre/lib/jce.jar:/Library/Java/JavaVirtualMachines/adoptopenjdk-8.jdk/Contents/Home/jre/lib/charsets.jar:/Library/Java/JavaVirtualMachines/adoptopenjdk-8.jdk/Contents/Home/jre/lib/jfr.jar:/Library/Java/JavaVirtualMachines/adoptopenjdk-8.jdk/Contents/Home/jre/classes"/>
    <property name="EXECUTOR_NUMBER" value="1"/>
    <property name="java.vm.specification.vendor" value="Oracle Corporation"/>
    <property name="POM_DISPLAYNAME" value="Cucumber-Jenkins"/>
    <property name="NODE_LABELS" value="built-in"/>
    <property name="java.runtime.version" value="1.8.0_292-b10"/>
    <property name="user.name" value="artem"/>
    <property name="guice.disable.misplaced.annotation.check" value="true"/>
    <property name="user.language" value="en"/>
    <property name="JOB_BASE_NAME" value="Java-Cucumber"/>
    <property name="RUN_CHANGES_DISPLAY_URL" value="http://localhost:8080/job/Java-Cucumber/9/display/redirect?page=changes"/>
    <property name="BUILD_DISPLAY_NAME" value="#9"/>
    <property name="TMPDIR" value="/var/folders/w9/zhwb03614713_l68j2l4cy2h0000gp/T/"/>
    <property name="sun.boot.library.path" value="/Library/Java/JavaVirtualMachines/adoptopenjdk-8.jdk/Contents/Home/jre/lib"/>
    <property name="java.version" value="1.8.0_292"/>
    <property name="XPC_FLAGS" value="0x0"/>
    <property name="user.timezone" value="Asia/Tbilisi"/>
    <property name="sun.arch.data.model" value="64"/>
    <property name="NODE_NAME" value="built-in"/>
    <property name="http.nonProxyHosts" value="local|*.local|169.254/16|*.169.254/16"/>
    <property name="java.endorsed.dirs" value="/Library/Java/JavaVirtualMachines/adoptopenjdk-8.jdk/Contents/Home/jre/lib/endorsed"/>
    <property name="BUILD_ID" value="9"/>
    <property name="sun.cpu.isalist" value=""/>
    <property name="sun.jnu.encoding" value="UTF-8"/>
    <property name="file.encoding.pkg" value="sun.io"/>
    <property name="SHELL" value="/bin/zsh"/>
    <property name="file.separator" value="/"/>
    <property name="java.specification.name" value="Java Platform API Specification"/>
    <property name="maven.conf" value="/Users/artem/.jenkins/tools/hudson.tasks.Maven_MavenInstallation/maven/conf"/>
    <property name="java.class.version" value="52.0"/>
    <property name="org.slf4j.simpleLogger.defaultLogLevel" value="info"/>
    <property name="user.country" value="US"/>
    <property name="java.home" value="/Library/Java/JavaVirtualMachines/adoptopenjdk-8.jdk/Contents/Home/jre"/>
    <property name="java.vm.info" value="mixed mode"/>
    <property name="os.version" value="10.16"/>
    <property name="RUN_DISPLAY_URL" value="http://localhost:8080/job/Java-Cucumber/9/display/redirect"/>
    <property name="POM_VERSION" value="1.0-SNAPSHOT"/>
    <property name="sun.font.fontmanager" value="sun.font.CFontManager"/>
    <property name="RUN_ARTIFACTS_DISPLAY_URL" value="http://localhost:8080/job/Java-Cucumber/9/display/redirect?page=artifacts"/>
    <property name="path.separator" value=":"/>
    <property name="java.vm.version" value="25.292-b10"/>
    <property name="JOB_DISPLAY_URL" value="http://localhost:8080/job/Java-Cucumber/display/redirect"/>
    <property name="java.awt.printerjob" value="sun.lwawt.macosx.CPrinterJob"/>
    <property name="JAVA_HOME" value="/Library/Java/JavaVirtualMachines/adoptopenjdk-8.jdk/Contents/Home"/>
    <property name="sun.io.unicode.encoding" value="UnicodeBig"/>
    <property name="awt.toolkit" value="sun.lwawt.macosx.LWCToolkit"/>
    <property name="LOGNAME" value="artem"/>
    <property name="socksNonProxyHosts" value="local|*.local|169.254/16|*.169.254/16"/>
    <property name="POM_PACKAGING" value="jar"/>
    <property name="ftp.nonProxyHosts" value="local|*.local|169.254/16|*.169.254/16"/>
    <property name="HOME" value="/Users/artem"/>
    <property name="POM_GROUPID" value="groupId"/>
    <property name="user.home" value="/Users/artem"/>
    <property name="BUILD_TAG" value="jenkins-Java-Cucumber-9"/>
    <property name="JENKINS_SERVER_COOKIE" value="3bb863812b49ee58"/>
    <property name="HUDSON_URL" value="http://localhost:8080/"/>
    <property name="XPC_SERVICE_NAME" value="homebrew.mxcl.jenkins-lts"/>
    <property name="java.specification.vendor" value="Oracle Corporation"/>
    <property name="CLASSPATH" value=""/>
    <property name="java.library.path" value="/Users/artem/Library/Java/Extensions:/Library/Java/Extensions:/Network/Library/Java/Extensions:/System/Library/Java/Extensions:/usr/lib/java:."/>
    <property name="java.vendor.url" value="https://adoptopenjdk.net/"/>
    <property name="gopherProxySet" value="false"/>
    <property name="java.vm.vendor" value="AdoptOpenJDK"/>
    <property name="java.runtime.name" value="OpenJDK Runtime Environment"/>
    <property name="maven.home" value="/Users/artem/.jenkins/tools/hudson.tasks.Maven_MavenInstallation/maven"/>
    <property name="java.class.path" value="/Users/artem/.jenkins/plugins/maven-plugin/WEB-INF/lib/maven35-agent-1.13.jar:/Users/artem/.jenkins/tools/hudson.tasks.Maven_MavenInstallation/maven/boot/plexus-classworlds-2.6.0.jar:/Users/artem/.jenkins/tools/hudson.tasks.Maven_MavenInstallation/maven/conf/logging"/>
    <property name="sun.java.command" value="jenkins.maven3.agent.Maven35Main /Users/artem/.jenkins/tools/hudson.tasks.Maven_MavenInstallation/maven /Users/artem/.jenkins/war/WEB-INF/lib/remoting-4.13.jar /Users/artem/.jenkins/plugins/maven-plugin/WEB-INF/lib/maven35-interceptor-1.13.jar /Users/artem/.jenkins/plugins/maven-plugin/WEB-INF/lib/maven3-interceptor-commons-1.13.jar 61598"/>
    <property name="JAVA_MAIN_CLASS_75720" value="Main"/>
    <property name="java.vm.specification.name" value="Java Virtual Machine Specification"/>
    <property name="jansi.mode" value="strip"/>
    <property name="PATH+JDK" value="/Library/Java/JavaVirtualMachines/adoptopenjdk-8.jdk/Contents/Home/bin"/>
    <property name="java.vm.specification.version" value="1.8"/>
    <property name="sun.os.patch.level" value="unknown"/>
    <property name="sun.cpu.endian" value="little"/>
    <property name="M2_HOME" value="/Users/artem/.jenkins/tools/hudson.tasks.Maven_MavenInstallation/maven"/>
    <property name="java.io.tmpdir" value="/var/folders/w9/zhwb03614713_l68j2l4cy2h0000gp/T/"/>
    <property name="CI" value="true"/>
    <property name="HUDSON_HOME" value="/Users/artem/.jenkins"/>
    <property name="PATH+MAVEN" value="/Users/artem/.jenkins/tools/hudson.tasks.Maven_MavenInstallation/maven/bin"/>
    <property name="BUILD_URL" value="http://localhost:8080/job/Java-Cucumber/9/"/>
    <property name="java.vendor.url.bug" value="https://github.com/AdoptOpenJDK/openjdk-support/issues"/>
    <property name="SSH_AUTH_SOCK" value="/private/tmp/com.apple.launchd.etxiOLEQgX/Listeners"/>
    <property name="MAVEN_OPTS" value=""/>
    <property name="java.awt.graphicsenv" value="sun.awt.CGraphicsEnvironment"/>
    <property name="os.arch" value="x86_64"/>
    <property name="java.ext.dirs" value="/Users/artem/Library/Java/Extensions:/Library/Java/JavaVirtualMachines/adoptopenjdk-8.jdk/Contents/Home/jre/lib/ext:/Library/Java/Extensions:/Network/Library/Java/Extensions:/System/Library/Java/Extensions:/usr/lib/java"/>
    <property name="__CF_USER_TEXT_ENCODING" value="0x1F6:0x0:0x0"/>
    <property name="user.dir" value="/Users/artem/IdeaProjects/Cucumber-Jenkins"/>
    <property name="JOB_URL" value="http://localhost:8080/job/Java-Cucumber/"/>
    <property name="line.separator" value="
"/>
    <property name="MAVEN_HOME" value="/Users/artem/.jenkins/tools/hudson.tasks.Maven_MavenInstallation/maven"/>
    <property name="java.vm.name" value="OpenJDK 64-Bit Server VM"/>
    <property name="BUILD_NUMBER" value="9"/>
    <property name="JENKINS_URL" value="http://localhost:8080/"/>
    <property name="file.encoding" value="UTF-8"/>
    <property name="maven3.interceptor" value="/Users/artem/.jenkins/plugins/maven-plugin/WEB-INF/lib/maven35-interceptor-1.13.jar"/>
    <property name="WORKSPACE_TMP" value="/Users/artem/.jenkins/workspace/Java-Cucumber@tmp"/>
    <property name="WORKSPACE" value="/Users/artem/.jenkins/workspace/Java-Cucumber"/>
    <property name="maven3.interceptor.common" value="/Users/artem/.jenkins/plugins/maven-plugin/WEB-INF/lib/maven3-interceptor-commons-1.13.jar"/>
    <property name="java.specification.version" value="1.8"/>
    <property name="USER" value="artem"/>
  </properties>
  <testcase classname="tests.BaseTest" name="runScenario" time="12.249"/>
  <testcase classname="tests.BaseTest" name="runScenario" time="6.3"/>
  <testcase classname="tests.BaseTest" name="runScenario" time="7.894"/>
</testsuite>