<?xml version="1.0" encoding="UTF-8"?>
<!-- Generated by org.testng.reporters.JUnitReportReporter -->
<testsuite skipped="0" hostname="remote76877.local" name="tests.BaseTest" tests="3" failures="0" timestamp="2022-06-10T17:56:56 GET" time="26.429" errors="0">
  <testcase name="runScenario" time="12.237" classname="tests.BaseTest"/>
  <testcase name="runScenario" time="7.890" classname="tests.BaseTest"/>
  <testcase name="runScenario" time="6.302" classname="tests.BaseTest"/>
</testsuite> <!-- tests.BaseTest -->
